timestamp: 2013-05-18T13:03:50.563715
CREATE TABLE auth_user(
    id INTEGER PRIMARY KEY AUTOINCREMENT,
    first_name CHAR(128),
    last_name CHAR(128),
    email CHAR(512),
    password CHAR(512),
    registration_key CHAR(512),
    reset_password_key CHAR(512),
    registration_id CHAR(512)
);
success!
timestamp: 2013-05-18T13:03:50.749713
CREATE TABLE auth_group(
    id INTEGER PRIMARY KEY AUTOINCREMENT,
    role CHAR(512),
    description TEXT
);
success!
timestamp: 2013-05-18T13:03:51.126249
CREATE TABLE auth_membership(
    id INTEGER PRIMARY KEY AUTOINCREMENT,
    user_id INTEGER REFERENCES auth_user (id) ON DELETE CASCADE,
    group_id INTEGER REFERENCES auth_group (id) ON DELETE CASCADE
);
success!
timestamp: 2013-05-18T13:03:51.238905
CREATE TABLE auth_permission(
    id INTEGER PRIMARY KEY AUTOINCREMENT,
    group_id INTEGER REFERENCES auth_group (id) ON DELETE CASCADE,
    name CHAR(512),
    table_name CHAR(512),
    record_id INTEGER
);
success!
timestamp: 2013-05-18T13:03:51.372395
CREATE TABLE auth_event(
    id INTEGER PRIMARY KEY AUTOINCREMENT,
    time_stamp TIMESTAMP,
    client_ip CHAR(512),
    user_id INTEGER REFERENCES auth_user (id) ON DELETE CASCADE,
    origin CHAR(512),
    description TEXT
);
success!
timestamp: 2013-05-18T13:03:51.495298
CREATE TABLE auth_cas(
    id INTEGER PRIMARY KEY AUTOINCREMENT,
    user_id INTEGER REFERENCES auth_user (id) ON DELETE CASCADE,
    created_on TIMESTAMP,
    service CHAR(512),
    ticket CHAR(512),
    renew CHAR(1)
);
success!
timestamp: 2013-05-18T13:03:51.618211
CREATE TABLE video(
    id INTEGER PRIMARY KEY AUTOINCREMENT,
    person_id INTEGER REFERENCES auth_user (id) ON DELETE CASCADE,
    title CHAR(256),
    subtitle CHAR(256),
    video_id CHAR(512),
    video_network CHAR(512),
    full_url CHAR(512),
    privacy CHAR(512),
    comment_permissions CHAR(512),
    script TEXT,
    datetime TIMESTAMP
);
success!
timestamp: 2013-05-18T13:03:51.751474
CREATE TABLE annotations(
    id INTEGER PRIMARY KEY AUTOINCREMENT,
    video_id INTEGER REFERENCES video (id) ON DELETE CASCADE,
    annotator_id INTEGER REFERENCES auth_user (id) ON DELETE CASCADE,
    comment CHAR(150),
    video_time TIME
);
success!
timestamp: 2013-05-18T13:03:51.887379
CREATE TABLE advice(
    id INTEGER PRIMARY KEY AUTOINCREMENT,
    video_id INTEGER REFERENCES video (id) ON DELETE CASCADE,
    annotator_id INTEGER REFERENCES auth_user (id) ON DELETE CASCADE,
    advice_text TEXT
);
success!
timestamp: 2013-05-18T13:03:52.044974
CREATE TABLE tag_category(
    id INTEGER PRIMARY KEY AUTOINCREMENT,
    tag_category_name CHAR(512),
    tag_category_description CHAR(512)
);
success!
timestamp: 2013-05-18T13:03:52.245412
CREATE TABLE tag_type(
    id INTEGER PRIMARY KEY AUTOINCREMENT,
    tag_type_name CHAR(512),
    ok_field CHAR(1),
    warning_field CHAR(1),
    bad_field CHAR(1)
);
success!
timestamp: 2013-05-18T13:03:52.524341
CREATE TABLE tag(
    id INTEGER PRIMARY KEY AUTOINCREMENT,
    tag_type_name CHAR(512),
    video_id INTEGER REFERENCES video (id) ON DELETE CASCADE,
    annotator_id INTEGER REFERENCES auth_user (id) ON DELETE CASCADE,
    evaluation CHAR(512),
    video_time TIME
);
success!
timestamp: 2013-05-18T13:03:52.668403
CREATE TABLE possible_tag_categories(
    id INTEGER PRIMARY KEY AUTOINCREMENT,
    video_id INTEGER REFERENCES video (id) ON DELETE CASCADE,
    tag_category_id INTEGER REFERENCES tag_category (id) ON DELETE CASCADE
);
success!
timestamp: 2013-05-18T13:03:52.825771
CREATE TABLE possible_tags(
    id INTEGER PRIMARY KEY AUTOINCREMENT,
    video_id INTEGER REFERENCES video (id) ON DELETE CASCADE,
    tag_type_id INTEGER REFERENCES tag_type (id) ON DELETE CASCADE
);
success!
