[2013-04-16 17:54:37] START
[2013-07-24 20:23:49] EDIT AnnotatIt/views/default/terms_and_conditions.html: -1
[2013-07-24 20:23:57] EDIT AnnotatIt/views/default/terms_and_conditions.html: 1
[2013-07-24 20:32:00] EDIT AnnotatIt/views/default/terms_and_conditions.html: 1
[2013-07-24 20:32:19] EDIT AnnotatIt/views/default/terms_and_conditions.html: -1
[2013-07-24 20:33:56] EDIT AnnotatIt/views/layout_guest.html: -1
[2013-07-24 20:34:37] EDIT AnnotatIt/views/default/about.html: 1
[2013-07-24 20:35:09] EDIT AnnotatIt/views/layout_guest.html: 1
[2013-07-24 20:35:32] EDIT AnnotatIt/views/default/about.html: 0
[2013-07-24 20:36:09] EDIT AnnotatIt/views/default/about.html: -1
[2013-07-24 20:36:30] EDIT AnnotatIt/views/default/about.html: 1
[2013-07-24 20:36:56] EDIT AnnotatIt/views/default/about.html: -1
[2013-07-24 20:38:36] EDIT AnnotatIt/views/default/terms_and_conditions.html: 59
[2013-07-24 20:43:41] EDIT AnnotatIt/views/layout_guest.html: 1
[2013-07-24 20:44:33] EDIT AnnotatIt/views/layout_guest.html: 0
[2013-07-24 20:45:03] EDIT AnnotatIt/views/default/about.html: 1
[2013-07-24 20:45:46] EDIT AnnotatIt/views/default/about.html: 0
[2013-07-24 20:48:17] EDIT AnnotatIt/views/default/terms_and_conditions.html: -1
[2013-07-24 20:48:41] EDIT AnnotatIt/views/default/terms_and_conditions.html: 1
[2013-07-24 20:48:45] EDIT AnnotatIt/views/default/terms_and_conditions.html: 0
[2013-07-24 20:48:50] EDIT AnnotatIt/views/default/terms_and_conditions.html: 0
[2013-07-24 21:11:26] EDIT AnnotatIt/views/default/about.html: 47
[2013-07-24 21:12:11] EDIT AnnotatIt/views/default/contact.html: 77
[2013-07-24 21:23:58] EDIT AnnotatIt/views/default/faq.html: 127
[2013-07-24 21:32:43] EDIT AnnotatIt/views/default/faq.html: -127
[2013-07-24 21:32:53] EDIT AnnotatIt/views/default/faq.html: 0
[2013-07-24 21:33:00] EDIT AnnotatIt/views/default/faq.html: 0
[2013-07-24 21:33:09] EDIT AnnotatIt/views/default/faq.html: 127
[2013-07-26 14:45:52] EDIT AnnotatIt/views/default/terms_and_conditions.html: 6
[2013-07-26 14:45:53] EDIT AnnotatIt/views/default/terms_and_conditions.html: 0
[2013-07-26 14:48:42] EDIT AnnotatIt/views/layout_guest.html: 2
[2013-07-26 14:49:25] EDIT AnnotatIt/views/layout_guest.html: 0
[2013-07-26 14:49:26] EDIT AnnotatIt/views/layout_guest.html: 0
[2013-07-26 14:52:16] EDIT AnnotatIt/views/layout_base.html: 1
[2013-07-26 14:53:07] EDIT AnnotatIt/views/layout_base.html: 1
[2013-07-26 14:56:01] EDIT AnnotatIt/views/layout_base.html: 1
[2013-07-26 14:57:07] EDIT AnnotatIt/views/layout_base.html: 1
[2013-07-26 15:00:23] EDIT AnnotatIt/views/default/terms_and_conditions.html: 0
[2013-07-26 15:01:47] EDIT AnnotatIt/views/layout_base.html: 1
[2013-07-26 15:02:50] EDIT AnnotatIt/views/layout_base.html: 0
[2013-07-26 15:03:34] EDIT AnnotatIt/views/layout_base.html: -5
[2013-07-26 15:04:18] EDIT AnnotatIt/views/layout_base.html: 0
[2013-07-26 15:07:33] EDIT AnnotatIt/views/layout_base.html: 1
[2013-07-26 15:07:33] EDIT AnnotatIt/views/layout_base.html: 0
[2013-07-26 15:11:42] EDIT AnnotatIt/views/layout_base.html: 0
[2013-07-26 15:13:34] EDIT AnnotatIt/views/layout_guest.html: 60
[2013-07-26 15:16:39] EDIT AnnotatIt/views/layout_guest.html: 0
[2013-07-26 15:16:39] EDIT AnnotatIt/views/layout_guest.html: 0
[2013-07-26 15:28:24] EDIT AnnotatIt/views/layout_guest.html: 1
[2013-07-26 15:29:57] EDIT AnnotatIt/views/layout_guest.html: 1
[2013-07-26 15:30:04] EDIT AnnotatIt/views/layout_guest.html: -23
[2013-07-26 15:31:00] EDIT AnnotatIt/views/layout_guest.html: 0
[2013-07-26 15:31:41] EDIT AnnotatIt/views/default/terms_and_conditions.html: 2
[2013-07-26 15:33:53] EDIT AnnotatIt/views/layout_guest.html: 0
[2013-07-26 15:34:27] EDIT AnnotatIt/views/default/terms_and_conditions.html: 0
[2013-07-26 15:34:36] EDIT AnnotatIt/views/default/terms_and_conditions.html: 36
[2013-07-26 15:35:29] EDIT AnnotatIt/views/layout_base.html: 0
[2013-07-26 15:35:50] EDIT AnnotatIt/views/layout_guest.html: 0
[2013-07-26 15:36:27] EDIT AnnotatIt/views/default/terms_and_conditions.html: -36
[2013-07-26 16:00:52] EDIT AnnotatIt/views/layout_base.html: 0
[2013-07-26 16:00:52] EDIT AnnotatIt/views/layout_base.html: 0
[2013-07-26 16:02:04] EDIT AnnotatIt/views/layout_base.html: 0
[2013-07-26 16:03:25] EDIT AnnotatIt/views/layout_guest.html: 0
[2013-07-26 16:05:33] EDIT AnnotatIt/views/layout_guest.html: -1
[2013-07-26 16:05:34] EDIT AnnotatIt/views/layout_guest.html: 0
[2013-07-26 16:05:34] EDIT AnnotatIt/views/layout_guest.html: 0
[2013-07-26 16:06:19] EDIT AnnotatIt/views/default/terms_and_conditions.html: -4
[2013-07-26 16:06:41] EDIT AnnotatIt/views/default/terms_and_conditions.html: 0
[2013-07-26 16:09:50] EDIT AnnotatIt/views/layout_base.html: -1
[2013-07-26 16:09:50] EDIT AnnotatIt/views/layout_base.html: 0
[2013-07-26 16:09:58] EDIT AnnotatIt/views/layout_base.html: 1
[2013-07-26 16:09:59] EDIT AnnotatIt/views/layout_base.html: 0
[2013-07-26 16:12:28] EDIT AnnotatIt/views/default/terms_and_conditions.html: 0
[2013-07-26 16:13:32] EDIT AnnotatIt/views/layout_guest.html: -8
[2013-07-26 16:13:33] EDIT AnnotatIt/views/layout_guest.html: 0
[2013-07-26 16:14:17] EDIT AnnotatIt/views/layout_guest.html: 0
[2013-07-26 16:14:39] EDIT AnnotatIt/views/layout_guest.html: -4
[2013-07-26 16:14:40] EDIT AnnotatIt/views/layout_guest.html: 0
[2013-07-26 16:14:40] EDIT AnnotatIt/views/layout_guest.html: 0
[2013-07-26 16:14:41] EDIT AnnotatIt/views/layout_guest.html: 0
[2013-07-26 16:15:18] EDIT AnnotatIt/views/layout_guest.html: 0
[2013-07-26 16:15:32] EDIT AnnotatIt/views/layout_guest.html: -2
[2013-07-26 16:15:32] EDIT AnnotatIt/views/layout_guest.html: 0
[2013-07-26 16:16:39] EDIT AnnotatIt/views/layout_base.html: -1
[2013-07-26 16:16:39] EDIT AnnotatIt/views/layout_base.html: 0
[2013-07-26 16:16:57] EDIT AnnotatIt/views/layout_guest.html: -1
[2013-07-26 16:16:57] EDIT AnnotatIt/views/layout_guest.html: 0
[2013-07-26 16:16:57] EDIT AnnotatIt/views/layout_guest.html: 0
[2013-07-26 16:16:57] EDIT AnnotatIt/views/layout_guest.html: 0
[2013-07-26 16:17:16] EDIT AnnotatIt/views/layout_guest.html: 1
[2013-07-26 16:17:25] EDIT AnnotatIt/views/layout_guest.html: 0
[2013-07-26 16:18:00] EDIT AnnotatIt/views/layout_guest.html: 1
[2013-07-26 16:18:19] EDIT AnnotatIt/views/default/terms_and_conditions.html: 0
[2013-07-26 16:18:46] EDIT AnnotatIt/views/default/terms_and_conditions.html: 0
[2013-07-26 16:19:08] EDIT AnnotatIt/views/default/terms_and_conditions.html: -2
[2013-07-26 16:21:00] EDIT AnnotatIt/views/layout_guest.html: -2
[2013-07-26 16:21:18] EDIT AnnotatIt/views/default/terms_and_conditions.html: 2
[2013-07-26 16:28:21] EDIT AnnotatIt/views/default/terms_and_conditions.html: 36
[2013-07-26 16:28:22] EDIT AnnotatIt/views/default/terms_and_conditions.html: 0
[2013-07-26 16:28:22] EDIT AnnotatIt/views/default/terms_and_conditions.html: 0
[2013-07-26 16:38:41] EDIT AnnotatIt/views/layout_guest.html: 4
[2013-07-26 16:38:48] EDIT AnnotatIt/views/default/terms_and_conditions.html: 0
[2013-07-26 16:39:07] EDIT AnnotatIt/views/default/terms_and_conditions.html: -36
[2013-07-26 16:43:27] EDIT AnnotatIt/views/layout_guest.html: 23
[2013-07-26 16:49:07] EDIT AnnotatIt/static/css/ext_lib/akka.css: 0
[2013-07-26 16:50:43] EDIT AnnotatIt/static/css/ext_lib/akka.css: 1
[2013-07-26 16:50:43] EDIT AnnotatIt/static/css/ext_lib/akka.css: 0
[2013-07-26 16:50:53] EDIT AnnotatIt/static/css/ext_lib/akka.css: -1
[2013-07-26 16:51:16] EDIT AnnotatIt/static/css/ext_lib/akka.css: 0
[2013-07-26 16:53:34] EDIT AnnotatIt/static/css/ext_lib/akka.css: 1
[2013-07-26 16:53:35] EDIT AnnotatIt/static/css/ext_lib/akka.css: 0
[2013-07-26 16:56:09] EDIT AnnotatIt/static/css/ext_lib/akka.css: 0
[2013-07-26 16:57:32] EDIT AnnotatIt/views/layout_base.html: 0
[2013-07-26 16:57:33] EDIT AnnotatIt/views/layout_base.html: 0
[2013-07-26 16:57:44] EDIT AnnotatIt/static/css/ext_lib/akka.css: 0
[2013-07-26 16:58:20] EDIT AnnotatIt/static/css/ext_lib/akka.css: 0
[2013-07-26 16:58:48] EDIT AnnotatIt/static/css/ext_lib/akka.css: 0
[2013-07-26 16:58:49] EDIT AnnotatIt/static/css/ext_lib/akka.css: 0
[2013-07-26 16:58:49] EDIT AnnotatIt/static/css/ext_lib/akka.css: 0
[2013-07-26 16:58:50] EDIT AnnotatIt/static/css/ext_lib/akka.css: 0
[2013-07-26 16:58:50] EDIT AnnotatIt/static/css/ext_lib/akka.css: 0
[2013-07-26 16:59:24] EDIT AnnotatIt/static/css/ext_lib/akka.css: 1
[2013-07-26 16:59:24] EDIT AnnotatIt/static/css/ext_lib/akka.css: 0
[2013-07-26 16:59:24] EDIT AnnotatIt/static/css/ext_lib/akka.css: 0
[2013-07-26 16:59:25] EDIT AnnotatIt/static/css/ext_lib/akka.css: 0
[2013-07-26 16:59:40] EDIT AnnotatIt/static/css/ext_lib/akka.css: -2
[2013-07-26 16:59:41] EDIT AnnotatIt/static/css/ext_lib/akka.css: 0
[2013-07-26 17:01:09] EDIT AnnotatIt/static/css/ext_lib/akka.css: 0
[2013-07-26 17:02:17] EDIT AnnotatIt/static/css/ext_lib/akka.css: 0
[2013-07-26 17:02:29] EDIT AnnotatIt/static/css/ext_lib/akka.css: 0
[2013-07-26 17:02:29] EDIT AnnotatIt/static/css/ext_lib/akka.css: 0
[2013-07-26 17:02:30] EDIT AnnotatIt/static/css/ext_lib/akka.css: 0
[2013-07-26 17:02:30] EDIT AnnotatIt/static/css/ext_lib/akka.css: 0
[2013-07-26 17:04:49] EDIT AnnotatIt/static/css/ext_lib/akka.css: 0
[2013-07-26 17:04:49] EDIT AnnotatIt/static/css/ext_lib/akka.css: 0
[2013-07-26 17:06:35] EDIT AnnotatIt/views/default/terms_and_conditions.html: -3
[2013-07-26 17:06:35] EDIT AnnotatIt/views/default/terms_and_conditions.html: 0
[2013-07-26 17:07:02] EDIT AnnotatIt/static/css/ext_lib/akka.css: 0
[2013-07-26 17:07:22] EDIT AnnotatIt/static/css/ext_lib/akka.css: 0
[2013-07-26 17:07:22] EDIT AnnotatIt/static/css/ext_lib/akka.css: 0
[2013-07-26 17:14:23] EDIT AnnotatIt/views/layout_base.html: 1
[2013-07-26 17:14:24] EDIT AnnotatIt/views/layout_base.html: 0
[2013-07-26 17:14:24] EDIT AnnotatIt/views/layout_base.html: 0
[2013-07-26 17:16:54] EDIT AnnotatIt/static/css/ext_lib/akka.css: 0
[2013-07-26 17:17:37] EDIT AnnotatIt/static/css/ext_lib/akka.css: 0
[2013-07-26 17:17:59] EDIT AnnotatIt/static/css/ext_lib/akka.css: 0
[2013-07-26 17:19:24] EDIT AnnotatIt/views/layout_guest.html: 0
[2013-07-26 17:20:47] EDIT AnnotatIt/static/css/ext_lib/akka.css: 0
[2013-07-26 17:25:11] EDIT AnnotatIt/static/css/ext_lib/akka.css: 0
[2013-07-26 17:25:11] EDIT AnnotatIt/static/css/ext_lib/akka.css: 0
[2013-07-26 17:25:22] EDIT AnnotatIt/static/css/ext_lib/akka.css: 0
[2013-07-26 17:25:22] EDIT AnnotatIt/static/css/ext_lib/akka.css: 0
[2013-07-26 17:29:50] EDIT AnnotatIt/static/css/ext_lib/akka.css: 0
[2013-07-26 17:33:36] EDIT AnnotatIt/views/default/terms_and_conditions.html: 5
[2013-07-26 17:34:00] EDIT AnnotatIt/views/layout_guest.html: 2
[2013-07-26 17:34:10] EDIT AnnotatIt/views/default/terms_and_conditions.html: 0
[2013-07-26 17:35:25] EDIT AnnotatIt/views/layout_base.html: 1
[2013-07-26 17:37:34] EDIT AnnotatIt/views/layout_base.html: 0
[2013-07-26 17:37:56] EDIT AnnotatIt/views/layout_guest.html: 1
[2013-07-26 17:37:56] EDIT AnnotatIt/views/layout_guest.html: 0
[2013-07-26 17:38:16] EDIT AnnotatIt/views/layout_guest.html: -1
[2013-07-26 17:39:16] EDIT AnnotatIt/views/layout_guest.html: 0
[2013-07-26 17:39:23] EDIT AnnotatIt/views/default/terms_and_conditions.html: -2
[2013-07-26 17:39:23] EDIT AnnotatIt/views/default/terms_and_conditions.html: 0
[2013-07-26 17:39:36] EDIT AnnotatIt/views/layout_guest.html: 0
[2013-07-26 17:42:47] EDIT AnnotatIt/views/layout_guest.html: 0
[2013-07-26 17:43:40] EDIT AnnotatIt/views/layout_base.html: 0
[2013-07-26 17:44:44] EDIT AnnotatIt/views/layout_base.html: -2
[2013-07-26 17:46:53] EDIT AnnotatIt/views/layout_base.html: 2
[2013-07-26 17:47:24] EDIT AnnotatIt/views/layout_base.html: 3
[2013-07-26 17:48:36] EDIT AnnotatIt/views/layout_base.html: 0
[2013-07-26 17:50:52] EDIT AnnotatIt/views/layout_base.html: -5
[2013-07-26 17:51:10] EDIT AnnotatIt/views/default/terms_and_conditions.html: -3
[2013-07-26 17:52:44] EDIT AnnotatIt/views/layout_base.html: 1
[2013-07-26 17:52:50] EDIT AnnotatIt/views/default/terms_and_conditions.html: 0
[2013-07-26 17:53:01] EDIT AnnotatIt/views/layout_base.html: -1
[2013-07-26 17:53:54] EDIT AnnotatIt/views/layout_base.html: 0
[2013-07-26 17:54:03] EDIT AnnotatIt/views/default/terms_and_conditions.html: 0
[2013-07-26 17:54:18] EDIT AnnotatIt/views/layout_guest.html: -4
[2013-07-26 17:54:28] EDIT AnnotatIt/views/layout_guest.html: 2
[2013-07-26 18:01:54] EDIT AnnotatIt/views/layout_base.html: 0
[2013-07-26 18:02:06] EDIT AnnotatIt/views/layout_guest.html: 0
[2013-07-26 18:02:44] EDIT AnnotatIt/views/layout_guest.html: 0
[2013-07-26 18:03:32] EDIT AnnotatIt/views/default/terms_and_conditions.html: 3
[2013-07-26 18:05:16] EDIT AnnotatIt/views/default/terms_and_conditions.html: -3
[2013-07-26 18:07:26] EDIT AnnotatIt/views/layout_base.html: 3
[2013-07-26 18:08:08] EDIT AnnotatIt/views/layout_base.html: -1
[2013-07-26 18:08:12] EDIT AnnotatIt/views/layout_base.html: -2
[2013-07-26 18:08:26] EDIT AnnotatIt/views/layout_guest.html: 0
[2013-07-26 18:09:03] EDIT AnnotatIt/views/layout_base.html: 0
[2013-07-26 18:09:32] EDIT AnnotatIt/views/layout_base.html: 2
[2013-07-26 18:09:52] EDIT AnnotatIt/views/layout_base.html: 0
[2013-07-26 18:11:24] EDIT AnnotatIt/views/layout_guest.html: 2
[2013-07-26 18:11:31] EDIT AnnotatIt/views/layout_guest.html: 0
[2013-07-26 18:11:53] EDIT AnnotatIt/views/default/terms_and_conditions.html: 5
[2013-07-26 18:12:18] EDIT AnnotatIt/views/layout_guest.html: 1
[2013-07-26 18:12:22] EDIT AnnotatIt/views/layout_guest.html: -2
[2013-07-26 18:12:32] EDIT AnnotatIt/views/default/terms_and_conditions.html: 0
[2013-07-26 18:12:35] EDIT AnnotatIt/views/default/terms_and_conditions.html: -5
[2013-07-26 18:13:17] EDIT AnnotatIt/views/layout_base.html: 2
[2013-07-26 18:14:19] EDIT AnnotatIt/views/default/terms_and_conditions.html: 5
[2013-07-26 18:14:21] EDIT AnnotatIt/views/layout_guest.html: -1
[2013-07-26 18:14:23] EDIT AnnotatIt/views/layout_base.html: 0
[2013-07-26 18:17:26] EDIT AnnotatIt/views/default/index.html: 237
[2013-07-26 18:17:50] EDIT AnnotatIt/views/default/index.html: 2
[2013-07-26 18:18:13] EDIT AnnotatIt/views/default/index.html: 4
[2013-07-26 18:19:58] EDIT AnnotatIt/views/default/index.html: 2
[2013-07-26 18:21:32] EDIT AnnotatIt/static/css/ext_lib/prettyPhoto.css: 0
[2013-07-26 18:22:39] EDIT AnnotatIt/views/default/about.html: 2
[2013-07-26 18:24:16] EDIT AnnotatIt/views/default/contact.html: 0
[2013-07-26 18:24:22] EDIT AnnotatIt/views/default/contact.html: -3
[2013-07-26 18:25:31] EDIT AnnotatIt/views/default/faq.html: 2
[2013-07-26 18:27:00] EDIT AnnotatIt/controllers/default.py: 4
[2013-07-26 18:27:01] EDIT AnnotatIt/controllers/default.py: 0
[2013-07-26 18:27:10] EDIT AnnotatIt/controllers/default.py: 0
[2013-07-26 18:28:47] EDIT AnnotatIt/controllers/default.py: 4
[2013-07-26 18:29:38] EDIT AnnotatIt/views/default/register.html: 186
[2013-07-26 18:29:38] EDIT AnnotatIt/views/default/register.html: 0
[2013-07-27 17:02:28] EDIT AnnotatIt/views/layout_guest.html: 21
[2013-07-27 17:10:46] EDIT AnnotatIt/static/css/ext_lib/prettyPhoto.css: 0
[2013-07-27 17:15:55] EDIT AnnotatIt/views/default/index.html: 0
[2013-07-27 17:16:54] EDIT AnnotatIt/views/default/index.html: 0
[2013-07-27 17:17:20] EDIT AnnotatIt/views/default/index.html: 0
[2013-07-27 17:18:48] EDIT AnnotatIt/views/default/index.html: 0
[2013-07-27 17:18:58] EDIT AnnotatIt/views/default/index.html: 0
[2013-07-27 17:21:11] EDIT AnnotatIt/static/css/ext_lib/slider.css: 0
[2013-07-27 17:22:01] EDIT AnnotatIt/static/css/ext_lib/slider.css: 0
[2013-07-27 17:23:35] EDIT AnnotatIt/views/default/index.html: 0
[2013-07-27 17:24:03] EDIT AnnotatIt/views/default/index.html: 0
[2013-07-27 17:24:32] EDIT AnnotatIt/static/css/ext_lib/slider.css: 0
[2013-07-27 17:35:36] EDIT AnnotatIt/views/layout_guest.html: 0
[2013-07-27 17:39:10] EDIT AnnotatIt/views/layout_guest.html: 1
[2013-07-27 17:39:22] EDIT AnnotatIt/views/layout_guest.html: 1
[2013-07-27 17:39:35] EDIT AnnotatIt/views/layout_guest.html: 1
[2013-07-27 17:39:59] EDIT AnnotatIt/views/layout_guest.html: 3
[2013-07-27 17:40:35] EDIT AnnotatIt/views/layout_guest.html: -6
[2013-07-27 17:49:02] EDIT AnnotatIt/views/layout_guest.html: 0
[2013-07-27 17:57:31] EDIT AnnotatIt/static/css/ext_lib/slider.css: 0
[2013-07-27 18:02:19] EDIT AnnotatIt/views/default/index.html: 2
[2013-07-27 18:02:33] EDIT AnnotatIt/views/default/index.html: 0
[2013-07-27 18:04:42] EDIT AnnotatIt/views/default/index.html: -2
[2013-07-27 18:05:35] EDIT AnnotatIt/views/default/index.html: 2
[2013-07-27 18:05:36] EDIT AnnotatIt/views/default/index.html: 0
[2013-07-27 18:05:36] EDIT AnnotatIt/views/default/index.html: 0
[2013-07-27 18:05:37] EDIT AnnotatIt/views/default/index.html: 0
[2013-07-27 18:06:22] EDIT AnnotatIt/views/default/index.html: 0
[2013-07-27 18:16:14] EDIT AnnotatIt/static/css/ext_lib/slider.css: 0
[2013-07-27 18:16:30] EDIT AnnotatIt/views/default/index.html: 0
[2013-07-27 18:16:54] EDIT AnnotatIt/static/css/ext_lib/slider.css: 0
[2013-07-27 18:27:55] EDIT AnnotatIt/views/layout_guest.html: 0
[2013-07-27 18:27:59] EDIT AnnotatIt/static/css/ext_lib/slider.css: 0
[2013-07-27 18:28:03] EDIT AnnotatIt/static/css/ext_lib/style.css: 0
[2013-07-27 18:28:59] EDIT AnnotatIt/views/default/index.html: 0
[2013-07-27 18:29:22] EDIT AnnotatIt/views/default/index.html: 0
[2013-07-27 18:29:42] EDIT AnnotatIt/views/default/index.html: 0
[2013-07-27 18:30:07] EDIT AnnotatIt/views/default/index.html: 0
[2013-07-27 18:30:34] EDIT AnnotatIt/views/default/index.html: 1
[2013-07-27 18:30:48] EDIT AnnotatIt/views/default/index.html: 2
[2013-07-27 18:34:37] EDIT AnnotatIt/static/css/ext_lib/akka.css: 2
[2013-07-27 18:35:18] EDIT AnnotatIt/static/css/ext_lib/akka.css: 0
[2013-07-27 18:35:37] EDIT AnnotatIt/static/css/ext_lib/akka.css: 0
[2013-07-27 18:35:51] EDIT AnnotatIt/static/css/ext_lib/akka.css: 0
[2013-07-27 18:35:52] EDIT AnnotatIt/static/css/ext_lib/akka.css: 0
[2013-07-27 18:35:52] EDIT AnnotatIt/static/css/ext_lib/akka.css: 0
[2013-07-27 18:35:52] EDIT AnnotatIt/static/css/ext_lib/akka.css: 0
[2013-07-27 18:35:53] EDIT AnnotatIt/static/css/ext_lib/akka.css: 0
[2013-07-27 18:35:53] EDIT AnnotatIt/static/css/ext_lib/akka.css: 0
[2013-07-27 18:35:53] EDIT AnnotatIt/static/css/ext_lib/akka.css: 0
[2013-07-27 18:35:53] EDIT AnnotatIt/static/css/ext_lib/akka.css: 0
[2013-07-27 18:36:21] EDIT AnnotatIt/views/default/index.html: 0
[2013-07-27 18:36:26] EDIT AnnotatIt/views/default/index.html: 0
[2013-07-27 18:38:25] EDIT AnnotatIt/static/css/ext_lib/style.css: 0
[2013-07-27 18:40:43] EDIT AnnotatIt/static/css/ext_lib/style.css: 0
[2013-07-27 18:40:56] EDIT AnnotatIt/static/css/ext_lib/akka.css: 6
[2013-07-27 18:41:32] EDIT AnnotatIt/static/css/ext_lib/akka.css: 1
[2013-07-27 18:42:05] EDIT AnnotatIt/static/css/ext_lib/akka.css: 0
[2013-07-27 18:42:31] EDIT AnnotatIt/static/css/ext_lib/style.css: 0
[2013-07-27 18:43:02] EDIT AnnotatIt/static/css/ext_lib/akka.css: 0
[2013-07-27 18:43:18] EDIT AnnotatIt/views/default/index.html: 0
[2013-07-27 18:43:26] EDIT AnnotatIt/views/default/index.html: 0
[2013-07-27 18:43:27] EDIT AnnotatIt/views/default/index.html: 0
[2013-07-27 18:44:41] EDIT AnnotatIt/static/css/ext_lib/akka.css: 0
[2013-07-27 18:45:34] EDIT AnnotatIt/views/default/index.html: 0
[2013-07-27 18:46:09] EDIT AnnotatIt/views/default/index.html: 0
[2013-07-27 18:46:39] EDIT AnnotatIt/views/default/index.html: 0
[2013-07-27 18:47:18] EDIT AnnotatIt/views/default/index.html: 0
[2013-07-27 18:48:37] EDIT AnnotatIt/views/default/index.html: 0
[2013-07-27 18:49:12] EDIT AnnotatIt/views/default/index.html: 0
[2013-07-27 18:50:03] EDIT AnnotatIt/static/css/ext_lib/akka.css: 0
[2013-07-27 18:50:09] EDIT AnnotatIt/static/css/ext_lib/akka.css: -3
[2013-07-27 18:50:27] EDIT AnnotatIt/static/css/ext_lib/akka.css: 0
[2013-07-27 18:51:10] EDIT AnnotatIt/static/css/ext_lib/akka.css: 0
[2013-07-27 18:51:25] EDIT AnnotatIt/static/css/ext_lib/akka.css: 0
[2013-07-27 18:51:43] EDIT AnnotatIt/static/css/ext_lib/akka.css: 1
[2013-07-27 18:52:00] EDIT AnnotatIt/static/css/ext_lib/akka.css: 0
[2013-07-27 18:52:14] EDIT AnnotatIt/static/css/ext_lib/akka.css: 0
[2013-07-27 18:55:15] EDIT AnnotatIt/static/css/ext_lib/slider.css: 0
[2013-07-27 18:57:45] EDIT AnnotatIt/static/css/ext_lib/slider.css: 0
[2013-07-27 18:59:15] EDIT AnnotatIt/static/css/ext_lib/slider.css: 0
[2013-07-27 18:59:17] EDIT AnnotatIt/static/css/ext_lib/akka.css: 0
[2013-07-27 18:59:26] EDIT AnnotatIt/views/default/index.html: 0
[2013-07-27 19:01:15] EDIT AnnotatIt/views/default/index.html: -7
[2013-07-27 19:01:26] EDIT AnnotatIt/views/default/index.html: 0
[2013-07-27 19:02:29] EDIT AnnotatIt/views/default/index.html: 0
[2013-07-27 19:04:00] EDIT AnnotatIt/views/default/index.html: 0
[2013-07-27 19:04:17] EDIT AnnotatIt/views/default/index.html: 0
[2013-07-27 19:04:30] EDIT AnnotatIt/views/default/index.html: -2
[2013-07-27 19:04:42] EDIT AnnotatIt/views/default/index.html: 0
[2013-07-27 19:04:43] EDIT AnnotatIt/views/default/index.html: 0
[2013-07-27 19:04:43] EDIT AnnotatIt/views/default/index.html: 0
[2013-07-27 19:04:43] EDIT AnnotatIt/views/default/index.html: 0
[2013-07-27 19:04:44] EDIT AnnotatIt/views/default/index.html: 0
[2013-07-27 19:04:44] EDIT AnnotatIt/views/default/index.html: 0
[2013-07-27 19:05:22] EDIT AnnotatIt/views/default/index.html: 2
[2013-07-27 19:05:38] EDIT AnnotatIt/views/default/index.html: 0
[2013-07-27 19:06:01] EDIT AnnotatIt/views/default/index.html: 0
[2013-07-27 19:06:21] EDIT AnnotatIt/views/default/index.html: -2
[2013-07-27 19:07:47] EDIT AnnotatIt/views/default/index.html: 2
[2013-07-27 19:08:14] EDIT AnnotatIt/views/default/index.html: 14
[2013-07-27 19:09:39] EDIT AnnotatIt/views/default/index.html: 50
[2013-07-27 19:09:48] EDIT AnnotatIt/views/default/index.html: 0
[2013-07-27 19:14:03] EDIT AnnotatIt/views/default/index.html: 0
[2013-07-27 19:14:45] EDIT AnnotatIt/views/default/index.html: 0
[2013-07-27 19:14:53] EDIT AnnotatIt/static/css/ext_lib/slider.css: 0
[2013-07-27 19:14:56] EDIT AnnotatIt/static/css/ext_lib/akka.css: 0
[2013-07-27 19:36:00] EDIT AnnotatIt/views/layout_guest.html: 2
[2013-07-27 19:36:28] EDIT AnnotatIt/views/layout_guest.html: -2
[2013-07-28 15:31:23] EDIT AnnotatIt/views/default/index.html: 0
[2013-07-28 15:32:05] EDIT AnnotatIt/views/default/index.html: 0
[2013-07-28 15:32:55] EDIT AnnotatIt/views/default/index.html: 1
[2013-07-28 15:34:14] EDIT AnnotatIt/views/default/index.html: -45
[2013-07-28 15:42:14] EDIT AnnotatIt/static/css/ext_lib/style.css: 0
[2013-07-29 14:27:49] EDIT AnnotatIt/views/default/index.html: 1
[2013-07-29 14:28:02] EDIT AnnotatIt/views/default/index.html: -1
[2013-07-29 14:36:25] EDIT AnnotatIt/views/default/index.html: 1
[2013-07-29 14:36:54] EDIT AnnotatIt/views/default/index.html: -1
[2013-07-29 14:37:27] EDIT AnnotatIt/views/default/index.html: 0
[2013-07-31 18:01:40] EDIT AnnotatIt/views/layout_user.html: 0
[2013-07-31 18:02:12] EDIT AnnotatIt/views/layout_user.html: 0
